<?xml version="1.0" encoding="UTF-8"?>
<testsuite xmlns:xsi="http://www.w3.org/2001/XMLSchema-instance" xsi:noNamespaceSchemaLocation="https://maven.apache.org/surefire/maven-surefire-plugin/xsd/surefire-test-report-3.0.xsd" version="3.0" name="org.acme.my.ext.test.MyExtDevModeTest" time="1.352" tests="1" errors="0" skipped="0" failures="0">
  <properties>
[...]
</properties>
  <testcase name="writeYourOwnDevModeTest" classname="org.acme.my.ext.test.MyExtDevModeTest" time="1.342">
    <system-out><![CDATA[__  ____  __  _____   ___  __ ____  ______ 
 --/ __ \/ / / / _ | / _ \/ //_/ / / / __/ 
 -/ /_/ / /_/ / __ |/ , _/ ,< / /_/ /\ \   
--\___\_\____/_/ |_/_/|_/_/|_|\____/___/   
2021-04-21 14:07:02,918 INFO  [io.quarkus] (Quarkus Main Thread) Quarkus 1.13.2.Final on JVM started in 0.536s. 
2021-04-21 14:07:02,919 INFO  [io.quarkus] (Quarkus Main Thread) Profile dev activated. Live Coding activated.
2021-04-21 14:07:02,920 INFO  [io.quarkus] (Quarkus Main Thread) Installed features: [cdi, my-ext]
2021-04-21 14:07:02,955 INFO  [io.quarkus] (Quarkus Main Thread) Quarkus stopped in 0.021s
]]></system-out>
  </testcase>
</testsuite>